0 info it worked if it ends with ok
1 verbose cli [ 'node', '/usr/local/bin/npm', 'install', 'bodyParser' ]
2 info using npm@2.14.3
3 info using node@v0.10.25
4 verbose node symlink /usr/bin/node
5 verbose install initial load of /home/bobby/development/personal/app/package.json
6 warn package.json app@1.0.0 No description
7 warn package.json app@1.0.0 No repository field.
8 warn package.json app@1.0.0 No README data
9 verbose installManyTop reading scoped package data from /home/bobby/development/personal/app/node_modules/body-parser/package.json
10 verbose installManyTop reading scoped package data from /home/bobby/development/personal/app/node_modules/express/package.json
11 verbose installManyTop reading scoped package data from /home/bobby/development/personal/app/node_modules/multer/package.json
12 verbose readDependencies loading dependencies from /home/bobby/development/personal/app/package.json
13 silly cache add args [ 'bodyParser', null ]
14 verbose cache add spec bodyParser
15 silly cache add parsed spec { raw: 'bodyParser',
15 silly cache add   scope: null,
15 silly cache add   name: 'bodyParser',
15 silly cache add   rawSpec: '',
15 silly cache add   spec: '*',
15 silly cache add   type: 'range' }
16 silly addNamed bodyParser@*
17 verbose addNamed "*" is a valid semver range for bodyParser
18 silly addNameRange { name: 'bodyParser', range: '*', hasData: false }
19 silly mapToRegistry name bodyParser
20 silly mapToRegistry using default registry
21 silly mapToRegistry registry https://registry.npmjs.org/
22 silly mapToRegistry uri https://registry.npmjs.org/bodyParser
23 verbose addNameRange registry:https://registry.npmjs.org/bodyParser not in flight; fetching
24 verbose request uri https://registry.npmjs.org/bodyParser
25 verbose request no auth needed
26 info attempt registry request try #1 at 00:20:41
27 verbose request id f9364f546d5fcdd3
28 http request GET https://registry.npmjs.org/bodyParser
29 http 404 https://registry.npmjs.org/bodyParser
30 verbose headers { 'content-type': 'application/json',
30 verbose headers   'cache-control': 'max-age=0',
30 verbose headers   'content-length': '2',
30 verbose headers   'accept-ranges': 'bytes',
30 verbose headers   date: 'Wed, 10 Feb 2016 05:20:41 GMT',
30 verbose headers   via: '1.1 varnish',
30 verbose headers   age: '0',
30 verbose headers   connection: 'keep-alive',
30 verbose headers   'x-served-by': 'cache-atl6246-ATL',
30 verbose headers   'x-cache': 'MISS',
30 verbose headers   'x-cache-hits': '0',
30 verbose headers   'x-timer': 'S1455081641.740603,VS0,VE46' }
31 silly get cb [ 404,
31 silly get   { 'content-type': 'application/json',
31 silly get     'cache-control': 'max-age=0',
31 silly get     'content-length': '2',
31 silly get     'accept-ranges': 'bytes',
31 silly get     date: 'Wed, 10 Feb 2016 05:20:41 GMT',
31 silly get     via: '1.1 varnish',
31 silly get     age: '0',
31 silly get     connection: 'keep-alive',
31 silly get     'x-served-by': 'cache-atl6246-ATL',
31 silly get     'x-cache': 'MISS',
31 silly get     'x-cache-hits': '0',
31 silly get     'x-timer': 'S1455081641.740603,VS0,VE46' } ]
32 verbose stack Error: Registry returned 404 for GET on https://registry.npmjs.org/bodyParser
32 verbose stack     at makeError (/usr/local/lib/node_modules/npm/node_modules/npm-registry-client/lib/request.js:263:12)
32 verbose stack     at CachingRegistryClient.<anonymous> (/usr/local/lib/node_modules/npm/node_modules/npm-registry-client/lib/request.js:241:14)
32 verbose stack     at Request._callback (/usr/local/lib/node_modules/npm/node_modules/npm-registry-client/lib/request.js:171:14)
32 verbose stack     at Request.self.callback (/usr/local/lib/node_modules/npm/node_modules/request/request.js:198:22)
32 verbose stack     at Request.EventEmitter.emit (events.js:98:17)
32 verbose stack     at Request.<anonymous> (/usr/local/lib/node_modules/npm/node_modules/request/request.js:1073:14)
32 verbose stack     at Request.EventEmitter.emit (events.js:117:20)
32 verbose stack     at IncomingMessage.<anonymous> (/usr/local/lib/node_modules/npm/node_modules/request/request.js:1019:12)
32 verbose stack     at IncomingMessage.EventEmitter.emit (events.js:117:20)
32 verbose stack     at _stream_readable.js:920:16
33 verbose statusCode 404
34 verbose pkgid bodyParser
35 verbose cwd /home/bobby/development/personal/app
36 error Linux 3.16.0-59-generic
37 error argv "node" "/usr/local/bin/npm" "install" "bodyParser"
38 error node v0.10.25
39 error npm  v2.14.3
40 error code E404
41 error 404 Registry returned 404 for GET on https://registry.npmjs.org/bodyParser
41 error 404
41 error 404 'bodyParser' is not in the npm registry.
41 error 404 Your package name is not valid, because
41 error 404
41 error 404  1. name can no longer contain capital letters
41 error 404 It was specified as a dependency of 'app'
41 error 404
41 error 404 Note that you can also install from a
41 error 404 tarball, folder, http url, or git url.
42 verbose exit [ 1, true ]
